ERROR - 2025-06-18 08:43:09 --> mysqli_sql_exception: Table 'inventory_system.einkaufe' doesn't exist in C:\xampp\htdocs\inventory\MarkoMarkoProjekt\system\Database\MySQLi\Connection.php:327
Stack trace:
#0 C:\xampp\htdocs\inventory\MarkoMarkoProjekt\system\Database\MySQLi\Connection.php(327): mysqli->query('\r\n            S...', 0)
#1 C:\xampp\htdocs\inventory\MarkoMarkoProjekt\system\Database\BaseConnection.php(738): CodeIgniter\Database\MySQLi\Connection->execute('\r\n            S...')
#2 C:\xampp\htdocs\inventory\MarkoMarkoProjekt\system\Database\BaseConnection.php(652): CodeIgniter\Database\BaseConnection->simpleQuery('\r\n            S...')
#3 C:\xampp\htdocs\inventory\MarkoMarkoProjekt\app\Controllers\MitarbeiterDashboard.php(269): CodeIgniter\Database\BaseConnection->query('\r\n            S...', Array)
#4 C:\xampp\htdocs\inventory\MarkoMarkoProjekt\app\Controllers\MitarbeiterDashboard.php(32): App\Controllers\MitarbeiterDashboard->getEmployeePurchases('1')
#5 C:\xampp\htdocs\inventory\MarkoMarkoProjekt\system\CodeIgniter.php(933): App\Controllers\MitarbeiterDashboard->index()
#6 C:\xampp\htdocs\inventory\MarkoMarkoProjekt\system\CodeIgniter.php(507): CodeIgniter\CodeIgniter->runController(Object(App\Controllers\MitarbeiterDashboard))
#7 C:\xampp\htdocs\inventory\MarkoMarkoProjekt\system\CodeIgniter.php(354): CodeIgniter\CodeIgniter->handleRequest(NULL, Object(Config\Cache), false)
#8 C:\xampp\htdocs\inventory\MarkoMarkoProjekt\system\Boot.php(334): CodeIgniter\CodeIgniter->run()
#9 C:\xampp\htdocs\inventory\MarkoMarkoProjekt\system\Boot.php(67): CodeIgniter\Boot::runCodeIgniter(Object(CodeIgniter\CodeIgniter))
#10 C:\xampp\htdocs\inventory\MarkoMarkoProjekt\public\index.php(59): CodeIgniter\Boot::bootWeb(Object(Config\Paths))
#11 {main}
ERROR - 2025-06-18 08:48:10 --> mysqli_sql_exception: Table 'inventory_system.einkaufe' doesn't exist in C:\xampp\htdocs\inventory\MarkoMarkoProjekt\system\Database\MySQLi\Connection.php:327
Stack trace:
#0 C:\xampp\htdocs\inventory\MarkoMarkoProjekt\system\Database\MySQLi\Connection.php(327): mysqli->query('\r\n            S...', 0)
#1 C:\xampp\htdocs\inventory\MarkoMarkoProjekt\system\Database\BaseConnection.php(738): CodeIgniter\Database\MySQLi\Connection->execute('\r\n            S...')
#2 C:\xampp\htdocs\inventory\MarkoMarkoProjekt\system\Database\BaseConnection.php(652): CodeIgniter\Database\BaseConnection->simpleQuery('\r\n            S...')
#3 C:\xampp\htdocs\inventory\MarkoMarkoProjekt\app\Controllers\MitarbeiterDashboard.php(269): CodeIgniter\Database\BaseConnection->query('\r\n            S...', Array)
#4 C:\xampp\htdocs\inventory\MarkoMarkoProjekt\app\Controllers\MitarbeiterDashboard.php(32): App\Controllers\MitarbeiterDashboard->getEmployeePurchases('1')
#5 C:\xampp\htdocs\inventory\MarkoMarkoProjekt\system\CodeIgniter.php(933): App\Controllers\MitarbeiterDashboard->index()
#6 C:\xampp\htdocs\inventory\MarkoMarkoProjekt\system\CodeIgniter.php(507): CodeIgniter\CodeIgniter->runController(Object(App\Controllers\MitarbeiterDashboard))
#7 C:\xampp\htdocs\inventory\MarkoMarkoProjekt\system\CodeIgniter.php(354): CodeIgniter\CodeIgniter->handleRequest(NULL, Object(Config\Cache), false)
#8 C:\xampp\htdocs\inventory\MarkoMarkoProjekt\system\Boot.php(334): CodeIgniter\CodeIgniter->run()
#9 C:\xampp\htdocs\inventory\MarkoMarkoProjekt\system\Boot.php(67): CodeIgniter\Boot::runCodeIgniter(Object(CodeIgniter\CodeIgniter))
#10 C:\xampp\htdocs\inventory\MarkoMarkoProjekt\public\index.php(59): CodeIgniter\Boot::bootWeb(Object(Config\Paths))
#11 {main}
ERROR - 2025-06-18 08:53:16 --> mysqli_sql_exception: Table 'inventory_system.einkaufe' doesn't exist in C:\xampp\htdocs\inventory\MarkoMarkoProjekt\system\Database\MySQLi\Connection.php:327
Stack trace:
#0 C:\xampp\htdocs\inventory\MarkoMarkoProjekt\system\Database\MySQLi\Connection.php(327): mysqli->query('\r\n            S...', 0)
#1 C:\xampp\htdocs\inventory\MarkoMarkoProjekt\system\Database\BaseConnection.php(738): CodeIgniter\Database\MySQLi\Connection->execute('\r\n            S...')
#2 C:\xampp\htdocs\inventory\MarkoMarkoProjekt\system\Database\BaseConnection.php(652): CodeIgniter\Database\BaseConnection->simpleQuery('\r\n            S...')
#3 C:\xampp\htdocs\inventory\MarkoMarkoProjekt\app\Controllers\MitarbeiterDashboard.php(269): CodeIgniter\Database\BaseConnection->query('\r\n            S...', Array)
#4 C:\xampp\htdocs\inventory\MarkoMarkoProjekt\app\Controllers\MitarbeiterDashboard.php(32): App\Controllers\MitarbeiterDashboard->getEmployeePurchases('1')
#5 C:\xampp\htdocs\inventory\MarkoMarkoProjekt\system\CodeIgniter.php(933): App\Controllers\MitarbeiterDashboard->index()
#6 C:\xampp\htdocs\inventory\MarkoMarkoProjekt\system\CodeIgniter.php(507): CodeIgniter\CodeIgniter->runController(Object(App\Controllers\MitarbeiterDashboard))
#7 C:\xampp\htdocs\inventory\MarkoMarkoProjekt\system\CodeIgniter.php(354): CodeIgniter\CodeIgniter->handleRequest(NULL, Object(Config\Cache), false)
#8 C:\xampp\htdocs\inventory\MarkoMarkoProjekt\system\Boot.php(334): CodeIgniter\CodeIgniter->run()
#9 C:\xampp\htdocs\inventory\MarkoMarkoProjekt\system\Boot.php(67): CodeIgniter\Boot::runCodeIgniter(Object(CodeIgniter\CodeIgniter))
#10 C:\xampp\htdocs\inventory\MarkoMarkoProjekt\public\index.php(59): CodeIgniter\Boot::bootWeb(Object(Config\Paths))
#11 {main}
ERROR - 2025-06-18 08:58:24 --> mysqli_sql_exception: Table 'inventory_system.einkaufe' doesn't exist in C:\xampp\htdocs\inventory\MarkoMarkoProjekt\system\Database\MySQLi\Connection.php:327
Stack trace:
#0 C:\xampp\htdocs\inventory\MarkoMarkoProjekt\system\Database\MySQLi\Connection.php(327): mysqli->query('\r\n            S...', 0)
#1 C:\xampp\htdocs\inventory\MarkoMarkoProjekt\system\Database\BaseConnection.php(738): CodeIgniter\Database\MySQLi\Connection->execute('\r\n            S...')
#2 C:\xampp\htdocs\inventory\MarkoMarkoProjekt\system\Database\BaseConnection.php(652): CodeIgniter\Database\BaseConnection->simpleQuery('\r\n            S...')
#3 C:\xampp\htdocs\inventory\MarkoMarkoProjekt\app\Controllers\MitarbeiterDashboard.php(269): CodeIgniter\Database\BaseConnection->query('\r\n            S...', Array)
#4 C:\xampp\htdocs\inventory\MarkoMarkoProjekt\app\Controllers\MitarbeiterDashboard.php(32): App\Controllers\MitarbeiterDashboard->getEmployeePurchases('1')
#5 C:\xampp\htdocs\inventory\MarkoMarkoProjekt\system\CodeIgniter.php(933): App\Controllers\MitarbeiterDashboard->index()
#6 C:\xampp\htdocs\inventory\MarkoMarkoProjekt\system\CodeIgniter.php(507): CodeIgniter\CodeIgniter->runController(Object(App\Controllers\MitarbeiterDashboard))
#7 C:\xampp\htdocs\inventory\MarkoMarkoProjekt\system\CodeIgniter.php(354): CodeIgniter\CodeIgniter->handleRequest(NULL, Object(Config\Cache), false)
#8 C:\xampp\htdocs\inventory\MarkoMarkoProjekt\system\Boot.php(334): CodeIgniter\CodeIgniter->run()
#9 C:\xampp\htdocs\inventory\MarkoMarkoProjekt\system\Boot.php(67): CodeIgniter\Boot::runCodeIgniter(Object(CodeIgniter\CodeIgniter))
#10 C:\xampp\htdocs\inventory\MarkoMarkoProjekt\public\index.php(59): CodeIgniter\Boot::bootWeb(Object(Config\Paths))
#11 {main}
ERROR - 2025-06-18 09:00:15 --> mysqli_sql_exception: Table 'inventory_system.einkaufe' doesn't exist in C:\xampp\htdocs\inventory\MarkoMarkoProjekt\system\Database\MySQLi\Connection.php:327
Stack trace:
#0 C:\xampp\htdocs\inventory\MarkoMarkoProjekt\system\Database\MySQLi\Connection.php(327): mysqli->query('\r\n            S...', 0)
#1 C:\xampp\htdocs\inventory\MarkoMarkoProjekt\system\Database\BaseConnection.php(738): CodeIgniter\Database\MySQLi\Connection->execute('\r\n            S...')
#2 C:\xampp\htdocs\inventory\MarkoMarkoProjekt\system\Database\BaseConnection.php(652): CodeIgniter\Database\BaseConnection->simpleQuery('\r\n            S...')
#3 C:\xampp\htdocs\inventory\MarkoMarkoProjekt\app\Controllers\MitarbeiterDashboard.php(269): CodeIgniter\Database\BaseConnection->query('\r\n            S...', Array)
#4 C:\xampp\htdocs\inventory\MarkoMarkoProjekt\app\Controllers\MitarbeiterDashboard.php(32): App\Controllers\MitarbeiterDashboard->getEmployeePurchases('1')
#5 C:\xampp\htdocs\inventory\MarkoMarkoProjekt\system\CodeIgniter.php(933): App\Controllers\MitarbeiterDashboard->index()
#6 C:\xampp\htdocs\inventory\MarkoMarkoProjekt\system\CodeIgniter.php(507): CodeIgniter\CodeIgniter->runController(Object(App\Controllers\MitarbeiterDashboard))
#7 C:\xampp\htdocs\inventory\MarkoMarkoProjekt\system\CodeIgniter.php(354): CodeIgniter\CodeIgniter->handleRequest(NULL, Object(Config\Cache), false)
#8 C:\xampp\htdocs\inventory\MarkoMarkoProjekt\system\Boot.php(334): CodeIgniter\CodeIgniter->run()
#9 C:\xampp\htdocs\inventory\MarkoMarkoProjekt\system\Boot.php(67): CodeIgniter\Boot::runCodeIgniter(Object(CodeIgniter\CodeIgniter))
#10 C:\xampp\htdocs\inventory\MarkoMarkoProjekt\public\index.php(59): CodeIgniter\Boot::bootWeb(Object(Config\Paths))
#11 {main}
ERROR - 2025-06-18 09:02:15 --> mysqli_sql_exception: Unknown column 'e.Preis' in 'field list' in C:\xampp\htdocs\inventory\MarkoMarkoProjekt\system\Database\MySQLi\Connection.php:327
Stack trace:
#0 C:\xampp\htdocs\inventory\MarkoMarkoProjekt\system\Database\MySQLi\Connection.php(327): mysqli->query('\r\n            S...', 0)
#1 C:\xampp\htdocs\inventory\MarkoMarkoProjekt\system\Database\BaseConnection.php(738): CodeIgniter\Database\MySQLi\Connection->execute('\r\n            S...')
#2 C:\xampp\htdocs\inventory\MarkoMarkoProjekt\system\Database\BaseConnection.php(652): CodeIgniter\Database\BaseConnection->simpleQuery('\r\n            S...')
#3 C:\xampp\htdocs\inventory\MarkoMarkoProjekt\app\Controllers\MitarbeiterDashboard.php(269): CodeIgniter\Database\BaseConnection->query('\r\n            S...', Array)
#4 C:\xampp\htdocs\inventory\MarkoMarkoProjekt\app\Controllers\MitarbeiterDashboard.php(32): App\Controllers\MitarbeiterDashboard->getEmployeePurchases('1')
#5 C:\xampp\htdocs\inventory\MarkoMarkoProjekt\system\CodeIgniter.php(933): App\Controllers\MitarbeiterDashboard->index()
#6 C:\xampp\htdocs\inventory\MarkoMarkoProjekt\system\CodeIgniter.php(507): CodeIgniter\CodeIgniter->runController(Object(App\Controllers\MitarbeiterDashboard))
#7 C:\xampp\htdocs\inventory\MarkoMarkoProjekt\system\CodeIgniter.php(354): CodeIgniter\CodeIgniter->handleRequest(NULL, Object(Config\Cache), false)
#8 C:\xampp\htdocs\inventory\MarkoMarkoProjekt\system\Boot.php(334): CodeIgniter\CodeIgniter->run()
#9 C:\xampp\htdocs\inventory\MarkoMarkoProjekt\system\Boot.php(67): CodeIgniter\Boot::runCodeIgniter(Object(CodeIgniter\CodeIgniter))
#10 C:\xampp\htdocs\inventory\MarkoMarkoProjekt\public\index.php(59): CodeIgniter\Boot::bootWeb(Object(Config\Paths))
#11 {main}
ERROR - 2025-06-18 09:02:24 --> mysqli_sql_exception: Unknown column 'e.Preis' in 'field list' in C:\xampp\htdocs\inventory\MarkoMarkoProjekt\system\Database\MySQLi\Connection.php:327
Stack trace:
#0 C:\xampp\htdocs\inventory\MarkoMarkoProjekt\system\Database\MySQLi\Connection.php(327): mysqli->query('\r\n            S...', 0)
#1 C:\xampp\htdocs\inventory\MarkoMarkoProjekt\system\Database\BaseConnection.php(738): CodeIgniter\Database\MySQLi\Connection->execute('\r\n            S...')
#2 C:\xampp\htdocs\inventory\MarkoMarkoProjekt\system\Database\BaseConnection.php(652): CodeIgniter\Database\BaseConnection->simpleQuery('\r\n            S...')
#3 C:\xampp\htdocs\inventory\MarkoMarkoProjekt\app\Controllers\MitarbeiterDashboard.php(269): CodeIgniter\Database\BaseConnection->query('\r\n            S...', Array)
#4 C:\xampp\htdocs\inventory\MarkoMarkoProjekt\app\Controllers\MitarbeiterDashboard.php(32): App\Controllers\MitarbeiterDashboard->getEmployeePurchases('1')
#5 C:\xampp\htdocs\inventory\MarkoMarkoProjekt\system\CodeIgniter.php(933): App\Controllers\MitarbeiterDashboard->index()
#6 C:\xampp\htdocs\inventory\MarkoMarkoProjekt\system\CodeIgniter.php(507): CodeIgniter\CodeIgniter->runController(Object(App\Controllers\MitarbeiterDashboard))
#7 C:\xampp\htdocs\inventory\MarkoMarkoProjekt\system\CodeIgniter.php(354): CodeIgniter\CodeIgniter->handleRequest(NULL, Object(Config\Cache), false)
#8 C:\xampp\htdocs\inventory\MarkoMarkoProjekt\system\Boot.php(334): CodeIgniter\CodeIgniter->run()
#9 C:\xampp\htdocs\inventory\MarkoMarkoProjekt\system\Boot.php(67): CodeIgniter\Boot::runCodeIgniter(Object(CodeIgniter\CodeIgniter))
#10 C:\xampp\htdocs\inventory\MarkoMarkoProjekt\public\index.php(59): CodeIgniter\Boot::bootWeb(Object(Config\Paths))
#11 {main}
ERROR - 2025-06-18 09:03:54 --> mysqli_sql_exception: Unknown column 'et.Transaktions-Nr' in 'on clause' in C:\xampp\htdocs\inventory\MarkoMarkoProjekt\system\Database\MySQLi\Connection.php:327
Stack trace:
#0 C:\xampp\htdocs\inventory\MarkoMarkoProjekt\system\Database\MySQLi\Connection.php(327): mysqli->query('\r\n            S...', 0)
#1 C:\xampp\htdocs\inventory\MarkoMarkoProjekt\system\Database\BaseConnection.php(738): CodeIgniter\Database\MySQLi\Connection->execute('\r\n            S...')
#2 C:\xampp\htdocs\inventory\MarkoMarkoProjekt\system\Database\BaseConnection.php(652): CodeIgniter\Database\BaseConnection->simpleQuery('\r\n            S...')
#3 C:\xampp\htdocs\inventory\MarkoMarkoProjekt\app\Controllers\MitarbeiterDashboard.php(269): CodeIgniter\Database\BaseConnection->query('\r\n            S...', Array)
#4 C:\xampp\htdocs\inventory\MarkoMarkoProjekt\app\Controllers\MitarbeiterDashboard.php(32): App\Controllers\MitarbeiterDashboard->getEmployeePurchases('1')
#5 C:\xampp\htdocs\inventory\MarkoMarkoProjekt\system\CodeIgniter.php(933): App\Controllers\MitarbeiterDashboard->index()
#6 C:\xampp\htdocs\inventory\MarkoMarkoProjekt\system\CodeIgniter.php(507): CodeIgniter\CodeIgniter->runController(Object(App\Controllers\MitarbeiterDashboard))
#7 C:\xampp\htdocs\inventory\MarkoMarkoProjekt\system\CodeIgniter.php(354): CodeIgniter\CodeIgniter->handleRequest(NULL, Object(Config\Cache), false)
#8 C:\xampp\htdocs\inventory\MarkoMarkoProjekt\system\Boot.php(334): CodeIgniter\CodeIgniter->run()
#9 C:\xampp\htdocs\inventory\MarkoMarkoProjekt\system\Boot.php(67): CodeIgniter\Boot::runCodeIgniter(Object(CodeIgniter\CodeIgniter))
#10 C:\xampp\htdocs\inventory\MarkoMarkoProjekt\public\index.php(59): CodeIgniter\Boot::bootWeb(Object(Config\Paths))
#11 {main}
ERROR - 2025-06-18 09:08:55 --> mysqli_sql_exception: Unknown column 'et.Transaktions-Nr' in 'on clause' in C:\xampp\htdocs\inventory\MarkoMarkoProjekt\system\Database\MySQLi\Connection.php:327
Stack trace:
#0 C:\xampp\htdocs\inventory\MarkoMarkoProjekt\system\Database\MySQLi\Connection.php(327): mysqli->query('\r\n            S...', 0)
#1 C:\xampp\htdocs\inventory\MarkoMarkoProjekt\system\Database\BaseConnection.php(738): CodeIgniter\Database\MySQLi\Connection->execute('\r\n            S...')
#2 C:\xampp\htdocs\inventory\MarkoMarkoProjekt\system\Database\BaseConnection.php(652): CodeIgniter\Database\BaseConnection->simpleQuery('\r\n            S...')
#3 C:\xampp\htdocs\inventory\MarkoMarkoProjekt\app\Controllers\MitarbeiterDashboard.php(269): CodeIgniter\Database\BaseConnection->query('\r\n            S...', Array)
#4 C:\xampp\htdocs\inventory\MarkoMarkoProjekt\app\Controllers\MitarbeiterDashboard.php(32): App\Controllers\MitarbeiterDashboard->getEmployeePurchases('1')
#5 C:\xampp\htdocs\inventory\MarkoMarkoProjekt\system\CodeIgniter.php(933): App\Controllers\MitarbeiterDashboard->index()
#6 C:\xampp\htdocs\inventory\MarkoMarkoProjekt\system\CodeIgniter.php(507): CodeIgniter\CodeIgniter->runController(Object(App\Controllers\MitarbeiterDashboard))
#7 C:\xampp\htdocs\inventory\MarkoMarkoProjekt\system\CodeIgniter.php(354): CodeIgniter\CodeIgniter->handleRequest(NULL, Object(Config\Cache), false)
#8 C:\xampp\htdocs\inventory\MarkoMarkoProjekt\system\Boot.php(334): CodeIgniter\CodeIgniter->run()
#9 C:\xampp\htdocs\inventory\MarkoMarkoProjekt\system\Boot.php(67): CodeIgniter\Boot::runCodeIgniter(Object(CodeIgniter\CodeIgniter))
#10 C:\xampp\htdocs\inventory\MarkoMarkoProjekt\public\index.php(59): CodeIgniter\Boot::bootWeb(Object(Config\Paths))
#11 {main}
ERROR - 2025-06-18 09:13:56 --> mysqli_sql_exception: Unknown column 'et.Transaktions-Nr' in 'on clause' in C:\xampp\htdocs\inventory\MarkoMarkoProjekt\system\Database\MySQLi\Connection.php:327
Stack trace:
#0 C:\xampp\htdocs\inventory\MarkoMarkoProjekt\system\Database\MySQLi\Connection.php(327): mysqli->query('\r\n            S...', 0)
#1 C:\xampp\htdocs\inventory\MarkoMarkoProjekt\system\Database\BaseConnection.php(738): CodeIgniter\Database\MySQLi\Connection->execute('\r\n            S...')
#2 C:\xampp\htdocs\inventory\MarkoMarkoProjekt\system\Database\BaseConnection.php(652): CodeIgniter\Database\BaseConnection->simpleQuery('\r\n            S...')
#3 C:\xampp\htdocs\inventory\MarkoMarkoProjekt\app\Controllers\MitarbeiterDashboard.php(269): CodeIgniter\Database\BaseConnection->query('\r\n            S...', Array)
#4 C:\xampp\htdocs\inventory\MarkoMarkoProjekt\app\Controllers\MitarbeiterDashboard.php(32): App\Controllers\MitarbeiterDashboard->getEmployeePurchases('1')
#5 C:\xampp\htdocs\inventory\MarkoMarkoProjekt\system\CodeIgniter.php(933): App\Controllers\MitarbeiterDashboard->index()
#6 C:\xampp\htdocs\inventory\MarkoMarkoProjekt\system\CodeIgniter.php(507): CodeIgniter\CodeIgniter->runController(Object(App\Controllers\MitarbeiterDashboard))
#7 C:\xampp\htdocs\inventory\MarkoMarkoProjekt\system\CodeIgniter.php(354): CodeIgniter\CodeIgniter->handleRequest(NULL, Object(Config\Cache), false)
#8 C:\xampp\htdocs\inventory\MarkoMarkoProjekt\system\Boot.php(334): CodeIgniter\CodeIgniter->run()
#9 C:\xampp\htdocs\inventory\MarkoMarkoProjekt\system\Boot.php(67): CodeIgniter\Boot::runCodeIgniter(Object(CodeIgniter\CodeIgniter))
#10 C:\xampp\htdocs\inventory\MarkoMarkoProjekt\public\index.php(59): CodeIgniter\Boot::bootWeb(Object(Config\Paths))
#11 {main}
ERROR - 2025-06-18 09:17:00 --> mysqli_sql_exception: Unknown column 'et.Transaktions-Nr' in 'on clause' in C:\xampp\htdocs\inventory\MarkoMarkoProjekt\system\Database\MySQLi\Connection.php:327
Stack trace:
#0 C:\xampp\htdocs\inventory\MarkoMarkoProjekt\system\Database\MySQLi\Connection.php(327): mysqli->query('\r\n            S...', 0)
#1 C:\xampp\htdocs\inventory\MarkoMarkoProjekt\system\Database\BaseConnection.php(738): CodeIgniter\Database\MySQLi\Connection->execute('\r\n            S...')
#2 C:\xampp\htdocs\inventory\MarkoMarkoProjekt\system\Database\BaseConnection.php(652): CodeIgniter\Database\BaseConnection->simpleQuery('\r\n            S...')
#3 C:\xampp\htdocs\inventory\MarkoMarkoProjekt\app\Controllers\MitarbeiterDashboard.php(269): CodeIgniter\Database\BaseConnection->query('\r\n            S...', Array)
#4 C:\xampp\htdocs\inventory\MarkoMarkoProjekt\app\Controllers\MitarbeiterDashboard.php(32): App\Controllers\MitarbeiterDashboard->getEmployeePurchases('1')
#5 C:\xampp\htdocs\inventory\MarkoMarkoProjekt\system\CodeIgniter.php(933): App\Controllers\MitarbeiterDashboard->index()
#6 C:\xampp\htdocs\inventory\MarkoMarkoProjekt\system\CodeIgniter.php(507): CodeIgniter\CodeIgniter->runController(Object(App\Controllers\MitarbeiterDashboard))
#7 C:\xampp\htdocs\inventory\MarkoMarkoProjekt\system\CodeIgniter.php(354): CodeIgniter\CodeIgniter->handleRequest(NULL, Object(Config\Cache), false)
#8 C:\xampp\htdocs\inventory\MarkoMarkoProjekt\system\Boot.php(334): CodeIgniter\CodeIgniter->run()
#9 C:\xampp\htdocs\inventory\MarkoMarkoProjekt\system\Boot.php(67): CodeIgniter\Boot::runCodeIgniter(Object(CodeIgniter\CodeIgniter))
#10 C:\xampp\htdocs\inventory\MarkoMarkoProjekt\public\index.php(59): CodeIgniter\Boot::bootWeb(Object(Config\Paths))
#11 {main}
ERROR - 2025-06-18 09:19:13 --> mysqli_sql_exception: Unknown column 'et.Transaktions-Nr' in 'on clause' in C:\xampp\htdocs\inventory\MarkoMarkoProjekt\system\Database\MySQLi\Connection.php:327
Stack trace:
#0 C:\xampp\htdocs\inventory\MarkoMarkoProjekt\system\Database\MySQLi\Connection.php(327): mysqli->query('\r\n            S...', 0)
#1 C:\xampp\htdocs\inventory\MarkoMarkoProjekt\system\Database\BaseConnection.php(738): CodeIgniter\Database\MySQLi\Connection->execute('\r\n            S...')
#2 C:\xampp\htdocs\inventory\MarkoMarkoProjekt\system\Database\BaseConnection.php(652): CodeIgniter\Database\BaseConnection->simpleQuery('\r\n            S...')
#3 C:\xampp\htdocs\inventory\MarkoMarkoProjekt\app\Controllers\MitarbeiterDashboard.php(269): CodeIgniter\Database\BaseConnection->query('\r\n            S...', Array)
#4 C:\xampp\htdocs\inventory\MarkoMarkoProjekt\app\Controllers\MitarbeiterDashboard.php(32): App\Controllers\MitarbeiterDashboard->getEmployeePurchases('1')
#5 C:\xampp\htdocs\inventory\MarkoMarkoProjekt\system\CodeIgniter.php(933): App\Controllers\MitarbeiterDashboard->index()
#6 C:\xampp\htdocs\inventory\MarkoMarkoProjekt\system\CodeIgniter.php(507): CodeIgniter\CodeIgniter->runController(Object(App\Controllers\MitarbeiterDashboard))
#7 C:\xampp\htdocs\inventory\MarkoMarkoProjekt\system\CodeIgniter.php(354): CodeIgniter\CodeIgniter->handleRequest(NULL, Object(Config\Cache), false)
#8 C:\xampp\htdocs\inventory\MarkoMarkoProjekt\system\Boot.php(334): CodeIgniter\CodeIgniter->run()
#9 C:\xampp\htdocs\inventory\MarkoMarkoProjekt\system\Boot.php(67): CodeIgniter\Boot::runCodeIgniter(Object(CodeIgniter\CodeIgniter))
#10 C:\xampp\htdocs\inventory\MarkoMarkoProjekt\public\index.php(59): CodeIgniter\Boot::bootWeb(Object(Config\Paths))
#11 {main}
ERROR - 2025-06-18 09:19:16 --> mysqli_sql_exception: Unknown column 'et.Transaktions-Nr' in 'on clause' in C:\xampp\htdocs\inventory\MarkoMarkoProjekt\system\Database\MySQLi\Connection.php:327
Stack trace:
#0 C:\xampp\htdocs\inventory\MarkoMarkoProjekt\system\Database\MySQLi\Connection.php(327): mysqli->query('\r\n            S...', 0)
#1 C:\xampp\htdocs\inventory\MarkoMarkoProjekt\system\Database\BaseConnection.php(738): CodeIgniter\Database\MySQLi\Connection->execute('\r\n            S...')
#2 C:\xampp\htdocs\inventory\MarkoMarkoProjekt\system\Database\BaseConnection.php(652): CodeIgniter\Database\BaseConnection->simpleQuery('\r\n            S...')
#3 C:\xampp\htdocs\inventory\MarkoMarkoProjekt\app\Controllers\MitarbeiterDashboard.php(269): CodeIgniter\Database\BaseConnection->query('\r\n            S...', Array)
#4 C:\xampp\htdocs\inventory\MarkoMarkoProjekt\app\Controllers\MitarbeiterDashboard.php(32): App\Controllers\MitarbeiterDashboard->getEmployeePurchases('1')
#5 C:\xampp\htdocs\inventory\MarkoMarkoProjekt\system\CodeIgniter.php(933): App\Controllers\MitarbeiterDashboard->index()
#6 C:\xampp\htdocs\inventory\MarkoMarkoProjekt\system\CodeIgniter.php(507): CodeIgniter\CodeIgniter->runController(Object(App\Controllers\MitarbeiterDashboard))
#7 C:\xampp\htdocs\inventory\MarkoMarkoProjekt\system\CodeIgniter.php(354): CodeIgniter\CodeIgniter->handleRequest(NULL, Object(Config\Cache), false)
#8 C:\xampp\htdocs\inventory\MarkoMarkoProjekt\system\Boot.php(334): CodeIgniter\CodeIgniter->run()
#9 C:\xampp\htdocs\inventory\MarkoMarkoProjekt\system\Boot.php(67): CodeIgniter\Boot::runCodeIgniter(Object(CodeIgniter\CodeIgniter))
#10 C:\xampp\htdocs\inventory\MarkoMarkoProjekt\public\index.php(59): CodeIgniter\Boot::bootWeb(Object(Config\Paths))
#11 {main}
ERROR - 2025-06-18 09:24:16 --> mysqli_sql_exception: Unknown column 'et.Transaktions-Nr' in 'on clause' in C:\xampp\htdocs\inventory\MarkoMarkoProjekt\system\Database\MySQLi\Connection.php:327
Stack trace:
#0 C:\xampp\htdocs\inventory\MarkoMarkoProjekt\system\Database\MySQLi\Connection.php(327): mysqli->query('\r\n            S...', 0)
#1 C:\xampp\htdocs\inventory\MarkoMarkoProjekt\system\Database\BaseConnection.php(738): CodeIgniter\Database\MySQLi\Connection->execute('\r\n            S...')
#2 C:\xampp\htdocs\inventory\MarkoMarkoProjekt\system\Database\BaseConnection.php(652): CodeIgniter\Database\BaseConnection->simpleQuery('\r\n            S...')
#3 C:\xampp\htdocs\inventory\MarkoMarkoProjekt\app\Controllers\MitarbeiterDashboard.php(269): CodeIgniter\Database\BaseConnection->query('\r\n            S...', Array)
#4 C:\xampp\htdocs\inventory\MarkoMarkoProjekt\app\Controllers\MitarbeiterDashboard.php(32): App\Controllers\MitarbeiterDashboard->getEmployeePurchases('1')
#5 C:\xampp\htdocs\inventory\MarkoMarkoProjekt\system\CodeIgniter.php(933): App\Controllers\MitarbeiterDashboard->index()
#6 C:\xampp\htdocs\inventory\MarkoMarkoProjekt\system\CodeIgniter.php(507): CodeIgniter\CodeIgniter->runController(Object(App\Controllers\MitarbeiterDashboard))
#7 C:\xampp\htdocs\inventory\MarkoMarkoProjekt\system\CodeIgniter.php(354): CodeIgniter\CodeIgniter->handleRequest(NULL, Object(Config\Cache), false)
#8 C:\xampp\htdocs\inventory\MarkoMarkoProjekt\system\Boot.php(334): CodeIgniter\CodeIgniter->run()
#9 C:\xampp\htdocs\inventory\MarkoMarkoProjekt\system\Boot.php(67): CodeIgniter\Boot::runCodeIgniter(Object(CodeIgniter\CodeIgniter))
#10 C:\xampp\htdocs\inventory\MarkoMarkoProjekt\public\index.php(59): CodeIgniter\Boot::bootWeb(Object(Config\Paths))
#11 {main}
ERROR - 2025-06-18 09:25:46 --> mysqli_sql_exception: Unknown column 'et.Transaktions-Nr' in 'on clause' in C:\xampp\htdocs\inventory\MarkoMarkoProjekt\system\Database\MySQLi\Connection.php:327
Stack trace:
#0 C:\xampp\htdocs\inventory\MarkoMarkoProjekt\system\Database\MySQLi\Connection.php(327): mysqli->query('\r\n            S...', 0)
#1 C:\xampp\htdocs\inventory\MarkoMarkoProjekt\system\Database\BaseConnection.php(738): CodeIgniter\Database\MySQLi\Connection->execute('\r\n            S...')
#2 C:\xampp\htdocs\inventory\MarkoMarkoProjekt\system\Database\BaseConnection.php(652): CodeIgniter\Database\BaseConnection->simpleQuery('\r\n            S...')
#3 C:\xampp\htdocs\inventory\MarkoMarkoProjekt\app\Controllers\MitarbeiterDashboard.php(269): CodeIgniter\Database\BaseConnection->query('\r\n            S...', Array)
#4 C:\xampp\htdocs\inventory\MarkoMarkoProjekt\app\Controllers\MitarbeiterDashboard.php(32): App\Controllers\MitarbeiterDashboard->getEmployeePurchases('1')
#5 C:\xampp\htdocs\inventory\MarkoMarkoProjekt\system\CodeIgniter.php(933): App\Controllers\MitarbeiterDashboard->index()
#6 C:\xampp\htdocs\inventory\MarkoMarkoProjekt\system\CodeIgniter.php(507): CodeIgniter\CodeIgniter->runController(Object(App\Controllers\MitarbeiterDashboard))
#7 C:\xampp\htdocs\inventory\MarkoMarkoProjekt\system\CodeIgniter.php(354): CodeIgniter\CodeIgniter->handleRequest(NULL, Object(Config\Cache), false)
#8 C:\xampp\htdocs\inventory\MarkoMarkoProjekt\system\Boot.php(334): CodeIgniter\CodeIgniter->run()
#9 C:\xampp\htdocs\inventory\MarkoMarkoProjekt\system\Boot.php(67): CodeIgniter\Boot::runCodeIgniter(Object(CodeIgniter\CodeIgniter))
#10 C:\xampp\htdocs\inventory\MarkoMarkoProjekt\public\index.php(59): CodeIgniter\Boot::bootWeb(Object(Config\Paths))
#11 {main}
CRITICAL - 2025-06-18 12:29:46 --> ParseError: syntax error, unexpected token "{", expecting "function" or "const"
[Method: GET, Route: mitarbeiter-dashboard]
in APPPATH\Controllers\MitarbeiterDashboard.php on line 154.
 1 SYSTEMPATH\Autoloader\Autoloader.php(295): CodeIgniter\Autoloader\Autoloader->includeFile('C:\\xampp\\htdocs\\inventory\\MarkoMarkoProjekt\\app\\Controllers\\MitarbeiterDashboard.php')
 2 SYSTEMPATH\Autoloader\Autoloader.php(271): CodeIgniter\Autoloader\Autoloader->loadInNamespace('App\\Controllers\\MitarbeiterDashboard')
 3 [internal function]: CodeIgniter\Autoloader\Autoloader->loadClass('App\\Controllers\\MitarbeiterDashboard')
 4 SYSTEMPATH\CodeIgniter.php(885): class_exists('\\App\\Controllers\\MitarbeiterDashboard', true)
 5 SYSTEMPATH\CodeIgniter.php(494): CodeIgniter\CodeIgniter->startController()
 6 SYSTEMPATH\CodeIgniter.php(354): CodeIgniter\CodeIgniter->handleRequest(null, Object(Config\Cache), false)
 7 SYSTEMPATH\Boot.php(334): CodeIgniter\CodeIgniter->run()
 8 SYSTEMPATH\Boot.php(67): CodeIgniter\Boot::runCodeIgniter(Object(CodeIgniter\CodeIgniter))
 9 FCPATH\index.php(59): CodeIgniter\Boot::bootWeb(Object(Config\Paths))
CRITICAL - 2025-06-18 12:30:02 --> ParseError: syntax error, unexpected token "{", expecting "function" or "const"
[Method: GET, Route: mitarbeiter-dashboard]
in APPPATH\Controllers\MitarbeiterDashboard.php on line 154.
 1 SYSTEMPATH\Autoloader\Autoloader.php(295): CodeIgniter\Autoloader\Autoloader->includeFile('C:\\xampp\\htdocs\\inventory\\MarkoMarkoProjekt\\app\\Controllers\\MitarbeiterDashboard.php')
 2 SYSTEMPATH\Autoloader\Autoloader.php(271): CodeIgniter\Autoloader\Autoloader->loadInNamespace('App\\Controllers\\MitarbeiterDashboard')
 3 [internal function]: CodeIgniter\Autoloader\Autoloader->loadClass('App\\Controllers\\MitarbeiterDashboard')
 4 SYSTEMPATH\CodeIgniter.php(885): class_exists('\\App\\Controllers\\MitarbeiterDashboard', true)
 5 SYSTEMPATH\CodeIgniter.php(494): CodeIgniter\CodeIgniter->startController()
 6 SYSTEMPATH\CodeIgniter.php(354): CodeIgniter\CodeIgniter->handleRequest(null, Object(Config\Cache), false)
 7 SYSTEMPATH\Boot.php(334): CodeIgniter\CodeIgniter->run()
 8 SYSTEMPATH\Boot.php(67): CodeIgniter\Boot::runCodeIgniter(Object(CodeIgniter\CodeIgniter))
 9 FCPATH\index.php(59): CodeIgniter\Boot::bootWeb(Object(Config\Paths))
CRITICAL - 2025-06-18 12:30:05 --> ParseError: syntax error, unexpected token "{", expecting "function" or "const"
[Method: GET, Route: mitarbeiter-dashboard]
in APPPATH\Controllers\MitarbeiterDashboard.php on line 154.
 1 SYSTEMPATH\Autoloader\Autoloader.php(295): CodeIgniter\Autoloader\Autoloader->includeFile('C:\\xampp\\htdocs\\inventory\\MarkoMarkoProjekt\\app\\Controllers\\MitarbeiterDashboard.php')
 2 SYSTEMPATH\Autoloader\Autoloader.php(271): CodeIgniter\Autoloader\Autoloader->loadInNamespace('App\\Controllers\\MitarbeiterDashboard')
 3 [internal function]: CodeIgniter\Autoloader\Autoloader->loadClass('App\\Controllers\\MitarbeiterDashboard')
 4 SYSTEMPATH\CodeIgniter.php(885): class_exists('\\App\\Controllers\\MitarbeiterDashboard', true)
 5 SYSTEMPATH\CodeIgniter.php(494): CodeIgniter\CodeIgniter->startController()
 6 SYSTEMPATH\CodeIgniter.php(354): CodeIgniter\CodeIgniter->handleRequest(null, Object(Config\Cache), false)
 7 SYSTEMPATH\Boot.php(334): CodeIgniter\CodeIgniter->run()
 8 SYSTEMPATH\Boot.php(67): CodeIgniter\Boot::runCodeIgniter(Object(CodeIgniter\CodeIgniter))
 9 FCPATH\index.php(59): CodeIgniter\Boot::bootWeb(Object(Config\Paths))
CRITICAL - 2025-06-18 12:31:27 --> ParseError: syntax error, unexpected token "{", expecting "function" or "const"
[Method: GET, Route: mitarbeiter-dashboard]
in APPPATH\Controllers\MitarbeiterDashboard.php on line 154.
 1 SYSTEMPATH\Autoloader\Autoloader.php(295): CodeIgniter\Autoloader\Autoloader->includeFile('C:\\xampp\\htdocs\\inventory\\MarkoMarkoProjekt\\app\\Controllers\\MitarbeiterDashboard.php')
 2 SYSTEMPATH\Autoloader\Autoloader.php(271): CodeIgniter\Autoloader\Autoloader->loadInNamespace('App\\Controllers\\MitarbeiterDashboard')
 3 [internal function]: CodeIgniter\Autoloader\Autoloader->loadClass('App\\Controllers\\MitarbeiterDashboard')
 4 SYSTEMPATH\CodeIgniter.php(885): class_exists('\\App\\Controllers\\MitarbeiterDashboard', true)
 5 SYSTEMPATH\CodeIgniter.php(494): CodeIgniter\CodeIgniter->startController()
 6 SYSTEMPATH\CodeIgniter.php(354): CodeIgniter\CodeIgniter->handleRequest(null, Object(Config\Cache), false)
 7 SYSTEMPATH\Boot.php(334): CodeIgniter\CodeIgniter->run()
 8 SYSTEMPATH\Boot.php(67): CodeIgniter\Boot::runCodeIgniter(Object(CodeIgniter\CodeIgniter))
 9 FCPATH\index.php(59): CodeIgniter\Boot::bootWeb(Object(Config\Paths))
CRITICAL - 2025-06-18 14:50:04 --> TypeError: CodeIgniter\Cache\CacheFactory::getHandler(): Argument #1 ($config) must be of type Config\Cache, null given, called in C:\xampp\htdocs\inventory\MarkoMarkoProjekt\system\Config\Services.php on line 129
[Method: GET, Route: mitarbeiter-dashboard]
in SYSTEMPATH\Cache\CacheFactory.php on line 50.
 1 SYSTEMPATH\Config\Services.php(129): CodeIgniter\Cache\CacheFactory::getHandler(null)
 2 SYSTEMPATH\Config\BaseService.php(312): CodeIgniter\Config\Services::cache(null, false)
 3 SYSTEMPATH\Config\BaseService.php(251): CodeIgniter\Config\BaseService::__callStatic('cache', [...])
 4 SYSTEMPATH\Config\Services.php(124): CodeIgniter\Config\BaseService::getSharedInstance('cache', null)
 5 SYSTEMPATH\Config\BaseService.php(321): CodeIgniter\Config\Services::cache()
 6 SYSTEMPATH\Config\BaseService.php(202): CodeIgniter\Config\BaseService::__callStatic('cache', [])
 7 SYSTEMPATH\Config\Services.php(454): CodeIgniter\Config\BaseService::get('cache')
 8 SYSTEMPATH\Config\BaseService.php(312): CodeIgniter\Config\Services::responsecache(null, null, false)
 9 SYSTEMPATH\Config\BaseService.php(251): CodeIgniter\Config\BaseService::__callStatic('responsecache', [...])
10 SYSTEMPATH\Config\Services.php(450): CodeIgniter\Config\BaseService::getSharedInstance('responsecache', null, null)
11 SYSTEMPATH\Config\BaseService.php(321): CodeIgniter\Config\Services::responsecache()
12 SYSTEMPATH\CodeIgniter.php(178): CodeIgniter\Config\BaseService::__callStatic('responsecache', [])
13 SYSTEMPATH\Config\Services.php(164): CodeIgniter\CodeIgniter->__construct(Object(Config\App))
14 SYSTEMPATH\Config\BaseService.php(312): CodeIgniter\Config\Services::codeigniter(Object(Config\App), false)
15 SYSTEMPATH\Config\BaseService.php(251): CodeIgniter\Config\BaseService::__callStatic('codeigniter', [...])
16 SYSTEMPATH\Config\Services.php(159): CodeIgniter\Config\BaseService::getSharedInstance('codeigniter', null)
17 SYSTEMPATH\Config\BaseService.php(321): CodeIgniter\Config\Services::codeigniter()
18 SYSTEMPATH\Config\BaseService.php(202): CodeIgniter\Config\BaseService::__callStatic('codeigniter', [])
19 SYSTEMPATH\Common.php(1000): CodeIgniter\Config\BaseService::get('codeigniter')
20 SYSTEMPATH\Boot.php(320): service('codeigniter')
21 SYSTEMPATH\Boot.php(66): CodeIgniter\Boot::initializeCodeIgniter()
22 FCPATH\index.php(59): CodeIgniter\Boot::bootWeb(Object(Config\Paths))
CRITICAL - 2025-06-18 14:50:05 --> TypeError: CodeIgniter\Cache\CacheFactory::getHandler(): Argument #1 ($config) must be of type Config\Cache, null given, called in C:\xampp\htdocs\inventory\MarkoMarkoProjekt\system\Config\Services.php on line 129
[Method: GET, Route: login]
in SYSTEMPATH\Cache\CacheFactory.php on line 50.
 1 SYSTEMPATH\Config\Services.php(129): CodeIgniter\Cache\CacheFactory::getHandler(null)
 2 SYSTEMPATH\Config\BaseService.php(312): CodeIgniter\Config\Services::cache(null, false)
 3 SYSTEMPATH\Config\BaseService.php(251): CodeIgniter\Config\BaseService::__callStatic('cache', [...])
 4 SYSTEMPATH\Config\Services.php(124): CodeIgniter\Config\BaseService::getSharedInstance('cache', null)
 5 SYSTEMPATH\Config\BaseService.php(321): CodeIgniter\Config\Services::cache()
 6 SYSTEMPATH\Config\BaseService.php(202): CodeIgniter\Config\BaseService::__callStatic('cache', [])
 7 SYSTEMPATH\Config\Services.php(454): CodeIgniter\Config\BaseService::get('cache')
 8 SYSTEMPATH\Config\BaseService.php(312): CodeIgniter\Config\Services::responsecache(null, null, false)
 9 SYSTEMPATH\Config\BaseService.php(251): CodeIgniter\Config\BaseService::__callStatic('responsecache', [...])
10 SYSTEMPATH\Config\Services.php(450): CodeIgniter\Config\BaseService::getSharedInstance('responsecache', null, null)
11 SYSTEMPATH\Config\BaseService.php(321): CodeIgniter\Config\Services::responsecache()
12 SYSTEMPATH\CodeIgniter.php(178): CodeIgniter\Config\BaseService::__callStatic('responsecache', [])
13 SYSTEMPATH\Config\Services.php(164): CodeIgniter\CodeIgniter->__construct(Object(Config\App))
14 SYSTEMPATH\Config\BaseService.php(312): CodeIgniter\Config\Services::codeigniter(Object(Config\App), false)
15 SYSTEMPATH\Config\BaseService.php(251): CodeIgniter\Config\BaseService::__callStatic('codeigniter', [...])
16 SYSTEMPATH\Config\Services.php(159): CodeIgniter\Config\BaseService::getSharedInstance('codeigniter', null)
17 SYSTEMPATH\Config\BaseService.php(321): CodeIgniter\Config\Services::codeigniter()
18 SYSTEMPATH\Config\BaseService.php(202): CodeIgniter\Config\BaseService::__callStatic('codeigniter', [])
19 SYSTEMPATH\Common.php(1000): CodeIgniter\Config\BaseService::get('codeigniter')
20 SYSTEMPATH\Boot.php(320): service('codeigniter')
21 SYSTEMPATH\Boot.php(66): CodeIgniter\Boot::initializeCodeIgniter()
22 FCPATH\index.php(59): CodeIgniter\Boot::bootWeb(Object(Config\Paths))
CRITICAL - 2025-06-18 14:50:07 --> TypeError: CodeIgniter\Cache\CacheFactory::getHandler(): Argument #1 ($config) must be of type Config\Cache, null given, called in C:\xampp\htdocs\inventory\MarkoMarkoProjekt\system\Config\Services.php on line 129
[Method: GET, Route: login]
in SYSTEMPATH\Cache\CacheFactory.php on line 50.
 1 SYSTEMPATH\Config\Services.php(129): CodeIgniter\Cache\CacheFactory::getHandler(null)
 2 SYSTEMPATH\Config\BaseService.php(312): CodeIgniter\Config\Services::cache(null, false)
 3 SYSTEMPATH\Config\BaseService.php(251): CodeIgniter\Config\BaseService::__callStatic('cache', [...])
 4 SYSTEMPATH\Config\Services.php(124): CodeIgniter\Config\BaseService::getSharedInstance('cache', null)
 5 SYSTEMPATH\Config\BaseService.php(321): CodeIgniter\Config\Services::cache()
 6 SYSTEMPATH\Config\BaseService.php(202): CodeIgniter\Config\BaseService::__callStatic('cache', [])
 7 SYSTEMPATH\Config\Services.php(454): CodeIgniter\Config\BaseService::get('cache')
 8 SYSTEMPATH\Config\BaseService.php(312): CodeIgniter\Config\Services::responsecache(null, null, false)
 9 SYSTEMPATH\Config\BaseService.php(251): CodeIgniter\Config\BaseService::__callStatic('responsecache', [...])
10 SYSTEMPATH\Config\Services.php(450): CodeIgniter\Config\BaseService::getSharedInstance('responsecache', null, null)
11 SYSTEMPATH\Config\BaseService.php(321): CodeIgniter\Config\Services::responsecache()
12 SYSTEMPATH\CodeIgniter.php(178): CodeIgniter\Config\BaseService::__callStatic('responsecache', [])
13 SYSTEMPATH\Config\Services.php(164): CodeIgniter\CodeIgniter->__construct(Object(Config\App))
14 SYSTEMPATH\Config\BaseService.php(312): CodeIgniter\Config\Services::codeigniter(Object(Config\App), false)
15 SYSTEMPATH\Config\BaseService.php(251): CodeIgniter\Config\BaseService::__callStatic('codeigniter', [...])
16 SYSTEMPATH\Config\Services.php(159): CodeIgniter\Config\BaseService::getSharedInstance('codeigniter', null)
17 SYSTEMPATH\Config\BaseService.php(321): CodeIgniter\Config\Services::codeigniter()
18 SYSTEMPATH\Config\BaseService.php(202): CodeIgniter\Config\BaseService::__callStatic('codeigniter', [])
19 SYSTEMPATH\Common.php(1000): CodeIgniter\Config\BaseService::get('codeigniter')
20 SYSTEMPATH\Boot.php(320): service('codeigniter')
21 SYSTEMPATH\Boot.php(66): CodeIgniter\Boot::initializeCodeIgniter()
22 FCPATH\index.php(59): CodeIgniter\Boot::bootWeb(Object(Config\Paths))
CRITICAL - 2025-06-18 14:50:16 --> TypeError: CodeIgniter\Cache\CacheFactory::getHandler(): Argument #1 ($config) must be of type Config\Cache, null given, called in C:\xampp\htdocs\inventory\MarkoMarkoProjekt\system\Config\Services.php on line 129
[Method: GET, Route: /]
in SYSTEMPATH\Cache\CacheFactory.php on line 50.
 1 SYSTEMPATH\Config\Services.php(129): CodeIgniter\Cache\CacheFactory::getHandler(null)
 2 SYSTEMPATH\Config\BaseService.php(312): CodeIgniter\Config\Services::cache(null, false)
 3 SYSTEMPATH\Config\BaseService.php(251): CodeIgniter\Config\BaseService::__callStatic('cache', [...])
 4 SYSTEMPATH\Config\Services.php(124): CodeIgniter\Config\BaseService::getSharedInstance('cache', null)
 5 SYSTEMPATH\Config\BaseService.php(321): CodeIgniter\Config\Services::cache()
 6 SYSTEMPATH\Config\BaseService.php(202): CodeIgniter\Config\BaseService::__callStatic('cache', [])
 7 SYSTEMPATH\Config\Services.php(454): CodeIgniter\Config\BaseService::get('cache')
 8 SYSTEMPATH\Config\BaseService.php(312): CodeIgniter\Config\Services::responsecache(null, null, false)
 9 SYSTEMPATH\Config\BaseService.php(251): CodeIgniter\Config\BaseService::__callStatic('responsecache', [...])
10 SYSTEMPATH\Config\Services.php(450): CodeIgniter\Config\BaseService::getSharedInstance('responsecache', null, null)
11 SYSTEMPATH\Config\BaseService.php(321): CodeIgniter\Config\Services::responsecache()
12 SYSTEMPATH\CodeIgniter.php(178): CodeIgniter\Config\BaseService::__callStatic('responsecache', [])
13 SYSTEMPATH\Config\Services.php(164): CodeIgniter\CodeIgniter->__construct(Object(Config\App))
14 SYSTEMPATH\Config\BaseService.php(312): CodeIgniter\Config\Services::codeigniter(Object(Config\App), false)
15 SYSTEMPATH\Config\BaseService.php(251): CodeIgniter\Config\BaseService::__callStatic('codeigniter', [...])
16 SYSTEMPATH\Config\Services.php(159): CodeIgniter\Config\BaseService::getSharedInstance('codeigniter', null)
17 SYSTEMPATH\Config\BaseService.php(321): CodeIgniter\Config\Services::codeigniter()
18 SYSTEMPATH\Config\BaseService.php(202): CodeIgniter\Config\BaseService::__callStatic('codeigniter', [])
19 SYSTEMPATH\Common.php(1000): CodeIgniter\Config\BaseService::get('codeigniter')
20 SYSTEMPATH\Boot.php(320): service('codeigniter')
21 SYSTEMPATH\Boot.php(66): CodeIgniter\Boot::initializeCodeIgniter()
22 FCPATH\index.php(59): CodeIgniter\Boot::bootWeb(Object(Config\Paths))
CRITICAL - 2025-06-18 14:51:30 --> TypeError: CodeIgniter\Cache\CacheFactory::getHandler(): Argument #1 ($config) must be of type Config\Cache, null given, called in C:\xampp\htdocs\inventory\MarkoMarkoProjekt\system\Config\Services.php on line 129
[Method: GET, Route: /]
in SYSTEMPATH\Cache\CacheFactory.php on line 50.
 1 SYSTEMPATH\Config\Services.php(129): CodeIgniter\Cache\CacheFactory::getHandler(null)
 2 SYSTEMPATH\Config\BaseService.php(312): CodeIgniter\Config\Services::cache(null, false)
 3 SYSTEMPATH\Config\BaseService.php(251): CodeIgniter\Config\BaseService::__callStatic('cache', [...])
 4 SYSTEMPATH\Config\Services.php(124): CodeIgniter\Config\BaseService::getSharedInstance('cache', null)
 5 SYSTEMPATH\Config\BaseService.php(321): CodeIgniter\Config\Services::cache()
 6 SYSTEMPATH\Config\BaseService.php(202): CodeIgniter\Config\BaseService::__callStatic('cache', [])
 7 SYSTEMPATH\Config\Services.php(454): CodeIgniter\Config\BaseService::get('cache')
 8 SYSTEMPATH\Config\BaseService.php(312): CodeIgniter\Config\Services::responsecache(null, null, false)
 9 SYSTEMPATH\Config\BaseService.php(251): CodeIgniter\Config\BaseService::__callStatic('responsecache', [...])
10 SYSTEMPATH\Config\Services.php(450): CodeIgniter\Config\BaseService::getSharedInstance('responsecache', null, null)
11 SYSTEMPATH\Config\BaseService.php(321): CodeIgniter\Config\Services::responsecache()
12 SYSTEMPATH\CodeIgniter.php(178): CodeIgniter\Config\BaseService::__callStatic('responsecache', [])
13 SYSTEMPATH\Config\Services.php(164): CodeIgniter\CodeIgniter->__construct(Object(Config\App))
14 SYSTEMPATH\Config\BaseService.php(312): CodeIgniter\Config\Services::codeigniter(Object(Config\App), false)
15 SYSTEMPATH\Config\BaseService.php(251): CodeIgniter\Config\BaseService::__callStatic('codeigniter', [...])
16 SYSTEMPATH\Config\Services.php(159): CodeIgniter\Config\BaseService::getSharedInstance('codeigniter', null)
17 SYSTEMPATH\Config\BaseService.php(321): CodeIgniter\Config\Services::codeigniter()
18 SYSTEMPATH\Config\BaseService.php(202): CodeIgniter\Config\BaseService::__callStatic('codeigniter', [])
19 SYSTEMPATH\Common.php(1000): CodeIgniter\Config\BaseService::get('codeigniter')
20 SYSTEMPATH\Boot.php(320): service('codeigniter')
21 SYSTEMPATH\Boot.php(66): CodeIgniter\Boot::initializeCodeIgniter()
22 FCPATH\index.php(59): CodeIgniter\Boot::bootWeb(Object(Config\Paths))
CRITICAL - 2025-06-18 14:52:39 --> TypeError: CodeIgniter\Cache\CacheFactory::getHandler(): Argument #1 ($config) must be of type Config\Cache, null given, called in C:\xampp\htdocs\inventory\MarkoMarkoProjekt\system\Config\Services.php on line 129
[Method: GET, Route: /]
in SYSTEMPATH\Cache\CacheFactory.php on line 50.
 1 SYSTEMPATH\Config\Services.php(129): CodeIgniter\Cache\CacheFactory::getHandler(null)
 2 SYSTEMPATH\Config\BaseService.php(312): CodeIgniter\Config\Services::cache(null, false)
 3 SYSTEMPATH\Config\BaseService.php(251): CodeIgniter\Config\BaseService::__callStatic('cache', [...])
 4 SYSTEMPATH\Config\Services.php(124): CodeIgniter\Config\BaseService::getSharedInstance('cache', null)
 5 SYSTEMPATH\Config\BaseService.php(321): CodeIgniter\Config\Services::cache()
 6 SYSTEMPATH\Config\BaseService.php(202): CodeIgniter\Config\BaseService::__callStatic('cache', [])
 7 SYSTEMPATH\Config\Services.php(454): CodeIgniter\Config\BaseService::get('cache')
 8 SYSTEMPATH\Config\BaseService.php(312): CodeIgniter\Config\Services::responsecache(null, null, false)
 9 SYSTEMPATH\Config\BaseService.php(251): CodeIgniter\Config\BaseService::__callStatic('responsecache', [...])
10 SYSTEMPATH\Config\Services.php(450): CodeIgniter\Config\BaseService::getSharedInstance('responsecache', null, null)
11 SYSTEMPATH\Config\BaseService.php(321): CodeIgniter\Config\Services::responsecache()
12 SYSTEMPATH\CodeIgniter.php(178): CodeIgniter\Config\BaseService::__callStatic('responsecache', [])
13 SYSTEMPATH\Config\Services.php(164): CodeIgniter\CodeIgniter->__construct(Object(Config\App))
14 SYSTEMPATH\Config\BaseService.php(312): CodeIgniter\Config\Services::codeigniter(Object(Config\App), false)
15 SYSTEMPATH\Config\BaseService.php(251): CodeIgniter\Config\BaseService::__callStatic('codeigniter', [...])
16 SYSTEMPATH\Config\Services.php(159): CodeIgniter\Config\BaseService::getSharedInstance('codeigniter', null)
17 SYSTEMPATH\Config\BaseService.php(321): CodeIgniter\Config\Services::codeigniter()
18 SYSTEMPATH\Config\BaseService.php(202): CodeIgniter\Config\BaseService::__callStatic('codeigniter', [])
19 SYSTEMPATH\Common.php(1000): CodeIgniter\Config\BaseService::get('codeigniter')
20 SYSTEMPATH\Boot.php(320): service('codeigniter')
21 SYSTEMPATH\Boot.php(66): CodeIgniter\Boot::initializeCodeIgniter()
22 FCPATH\index.php(59): CodeIgniter\Boot::bootWeb(Object(Config\Paths))
CRITICAL - 2025-06-18 14:52:41 --> TypeError: CodeIgniter\Cache\CacheFactory::getHandler(): Argument #1 ($config) must be of type Config\Cache, null given, called in C:\xampp\htdocs\inventory\MarkoMarkoProjekt\system\Config\Services.php on line 129
[Method: GET, Route: /]
in SYSTEMPATH\Cache\CacheFactory.php on line 50.
 1 SYSTEMPATH\Config\Services.php(129): CodeIgniter\Cache\CacheFactory::getHandler(null)
 2 SYSTEMPATH\Config\BaseService.php(312): CodeIgniter\Config\Services::cache(null, false)
 3 SYSTEMPATH\Config\BaseService.php(251): CodeIgniter\Config\BaseService::__callStatic('cache', [...])
 4 SYSTEMPATH\Config\Services.php(124): CodeIgniter\Config\BaseService::getSharedInstance('cache', null)
 5 SYSTEMPATH\Config\BaseService.php(321): CodeIgniter\Config\Services::cache()
 6 SYSTEMPATH\Config\BaseService.php(202): CodeIgniter\Config\BaseService::__callStatic('cache', [])
 7 SYSTEMPATH\Config\Services.php(454): CodeIgniter\Config\BaseService::get('cache')
 8 SYSTEMPATH\Config\BaseService.php(312): CodeIgniter\Config\Services::responsecache(null, null, false)
 9 SYSTEMPATH\Config\BaseService.php(251): CodeIgniter\Config\BaseService::__callStatic('responsecache', [...])
10 SYSTEMPATH\Config\Services.php(450): CodeIgniter\Config\BaseService::getSharedInstance('responsecache', null, null)
11 SYSTEMPATH\Config\BaseService.php(321): CodeIgniter\Config\Services::responsecache()
12 SYSTEMPATH\CodeIgniter.php(178): CodeIgniter\Config\BaseService::__callStatic('responsecache', [])
13 SYSTEMPATH\Config\Services.php(164): CodeIgniter\CodeIgniter->__construct(Object(Config\App))
14 SYSTEMPATH\Config\BaseService.php(312): CodeIgniter\Config\Services::codeigniter(Object(Config\App), false)
15 SYSTEMPATH\Config\BaseService.php(251): CodeIgniter\Config\BaseService::__callStatic('codeigniter', [...])
16 SYSTEMPATH\Config\Services.php(159): CodeIgniter\Config\BaseService::getSharedInstance('codeigniter', null)
17 SYSTEMPATH\Config\BaseService.php(321): CodeIgniter\Config\Services::codeigniter()
18 SYSTEMPATH\Config\BaseService.php(202): CodeIgniter\Config\BaseService::__callStatic('codeigniter', [])
19 SYSTEMPATH\Common.php(1000): CodeIgniter\Config\BaseService::get('codeigniter')
20 SYSTEMPATH\Boot.php(320): service('codeigniter')
21 SYSTEMPATH\Boot.php(66): CodeIgniter\Boot::initializeCodeIgniter()
22 FCPATH\index.php(59): CodeIgniter\Boot::bootWeb(Object(Config\Paths))
CRITICAL - 2025-06-18 14:52:50 --> TypeError: CodeIgniter\Cache\CacheFactory::getHandler(): Argument #1 ($config) must be of type Config\Cache, null given, called in C:\xampp\htdocs\inventory\MarkoMarkoProjekt\system\Config\Services.php on line 129
[Method: GET, Route: /]
in SYSTEMPATH\Cache\CacheFactory.php on line 50.
 1 SYSTEMPATH\Config\Services.php(129): CodeIgniter\Cache\CacheFactory::getHandler(null)
 2 SYSTEMPATH\Config\BaseService.php(312): CodeIgniter\Config\Services::cache(null, false)
 3 SYSTEMPATH\Config\BaseService.php(251): CodeIgniter\Config\BaseService::__callStatic('cache', [...])
 4 SYSTEMPATH\Config\Services.php(124): CodeIgniter\Config\BaseService::getSharedInstance('cache', null)
 5 SYSTEMPATH\Config\BaseService.php(321): CodeIgniter\Config\Services::cache()
 6 SYSTEMPATH\Config\BaseService.php(202): CodeIgniter\Config\BaseService::__callStatic('cache', [])
 7 SYSTEMPATH\Config\Services.php(454): CodeIgniter\Config\BaseService::get('cache')
 8 SYSTEMPATH\Config\BaseService.php(312): CodeIgniter\Config\Services::responsecache(null, null, false)
 9 SYSTEMPATH\Config\BaseService.php(251): CodeIgniter\Config\BaseService::__callStatic('responsecache', [...])
10 SYSTEMPATH\Config\Services.php(450): CodeIgniter\Config\BaseService::getSharedInstance('responsecache', null, null)
11 SYSTEMPATH\Config\BaseService.php(321): CodeIgniter\Config\Services::responsecache()
12 SYSTEMPATH\CodeIgniter.php(178): CodeIgniter\Config\BaseService::__callStatic('responsecache', [])
13 SYSTEMPATH\Config\Services.php(164): CodeIgniter\CodeIgniter->__construct(Object(Config\App))
14 SYSTEMPATH\Config\BaseService.php(312): CodeIgniter\Config\Services::codeigniter(Object(Config\App), false)
15 SYSTEMPATH\Config\BaseService.php(251): CodeIgniter\Config\BaseService::__callStatic('codeigniter', [...])
16 SYSTEMPATH\Config\Services.php(159): CodeIgniter\Config\BaseService::getSharedInstance('codeigniter', null)
17 SYSTEMPATH\Config\BaseService.php(321): CodeIgniter\Config\Services::codeigniter()
18 SYSTEMPATH\Config\BaseService.php(202): CodeIgniter\Config\BaseService::__callStatic('codeigniter', [])
19 SYSTEMPATH\Common.php(1000): CodeIgniter\Config\BaseService::get('codeigniter')
20 SYSTEMPATH\Boot.php(320): service('codeigniter')
21 SYSTEMPATH\Boot.php(66): CodeIgniter\Boot::initializeCodeIgniter()
22 FCPATH\index.php(59): CodeIgniter\Boot::bootWeb(Object(Config\Paths))
CRITICAL - 2025-06-18 14:52:52 --> TypeError: CodeIgniter\Cache\CacheFactory::getHandler(): Argument #1 ($config) must be of type Config\Cache, null given, called in C:\xampp\htdocs\inventory\MarkoMarkoProjekt\system\Config\Services.php on line 129
[Method: GET, Route: /]
in SYSTEMPATH\Cache\CacheFactory.php on line 50.
 1 SYSTEMPATH\Config\Services.php(129): CodeIgniter\Cache\CacheFactory::getHandler(null)
 2 SYSTEMPATH\Config\BaseService.php(312): CodeIgniter\Config\Services::cache(null, false)
 3 SYSTEMPATH\Config\BaseService.php(251): CodeIgniter\Config\BaseService::__callStatic('cache', [...])
 4 SYSTEMPATH\Config\Services.php(124): CodeIgniter\Config\BaseService::getSharedInstance('cache', null)
 5 SYSTEMPATH\Config\BaseService.php(321): CodeIgniter\Config\Services::cache()
 6 SYSTEMPATH\Config\BaseService.php(202): CodeIgniter\Config\BaseService::__callStatic('cache', [])
 7 SYSTEMPATH\Config\Services.php(454): CodeIgniter\Config\BaseService::get('cache')
 8 SYSTEMPATH\Config\BaseService.php(312): CodeIgniter\Config\Services::responsecache(null, null, false)
 9 SYSTEMPATH\Config\BaseService.php(251): CodeIgniter\Config\BaseService::__callStatic('responsecache', [...])
10 SYSTEMPATH\Config\Services.php(450): CodeIgniter\Config\BaseService::getSharedInstance('responsecache', null, null)
11 SYSTEMPATH\Config\BaseService.php(321): CodeIgniter\Config\Services::responsecache()
12 SYSTEMPATH\CodeIgniter.php(178): CodeIgniter\Config\BaseService::__callStatic('responsecache', [])
13 SYSTEMPATH\Config\Services.php(164): CodeIgniter\CodeIgniter->__construct(Object(Config\App))
14 SYSTEMPATH\Config\BaseService.php(312): CodeIgniter\Config\Services::codeigniter(Object(Config\App), false)
15 SYSTEMPATH\Config\BaseService.php(251): CodeIgniter\Config\BaseService::__callStatic('codeigniter', [...])
16 SYSTEMPATH\Config\Services.php(159): CodeIgniter\Config\BaseService::getSharedInstance('codeigniter', null)
17 SYSTEMPATH\Config\BaseService.php(321): CodeIgniter\Config\Services::codeigniter()
18 SYSTEMPATH\Config\BaseService.php(202): CodeIgniter\Config\BaseService::__callStatic('codeigniter', [])
19 SYSTEMPATH\Common.php(1000): CodeIgniter\Config\BaseService::get('codeigniter')
20 SYSTEMPATH\Boot.php(320): service('codeigniter')
21 SYSTEMPATH\Boot.php(66): CodeIgniter\Boot::initializeCodeIgniter()
22 FCPATH\index.php(59): CodeIgniter\Boot::bootWeb(Object(Config\Paths))
CRITICAL - 2025-06-18 14:52:53 --> TypeError: CodeIgniter\Cache\CacheFactory::getHandler(): Argument #1 ($config) must be of type Config\Cache, null given, called in C:\xampp\htdocs\inventory\MarkoMarkoProjekt\system\Config\Services.php on line 129
[Method: GET, Route: /]
in SYSTEMPATH\Cache\CacheFactory.php on line 50.
 1 SYSTEMPATH\Config\Services.php(129): CodeIgniter\Cache\CacheFactory::getHandler(null)
 2 SYSTEMPATH\Config\BaseService.php(312): CodeIgniter\Config\Services::cache(null, false)
 3 SYSTEMPATH\Config\BaseService.php(251): CodeIgniter\Config\BaseService::__callStatic('cache', [...])
 4 SYSTEMPATH\Config\Services.php(124): CodeIgniter\Config\BaseService::getSharedInstance('cache', null)
 5 SYSTEMPATH\Config\BaseService.php(321): CodeIgniter\Config\Services::cache()
 6 SYSTEMPATH\Config\BaseService.php(202): CodeIgniter\Config\BaseService::__callStatic('cache', [])
 7 SYSTEMPATH\Config\Services.php(454): CodeIgniter\Config\BaseService::get('cache')
 8 SYSTEMPATH\Config\BaseService.php(312): CodeIgniter\Config\Services::responsecache(null, null, false)
 9 SYSTEMPATH\Config\BaseService.php(251): CodeIgniter\Config\BaseService::__callStatic('responsecache', [...])
10 SYSTEMPATH\Config\Services.php(450): CodeIgniter\Config\BaseService::getSharedInstance('responsecache', null, null)
11 SYSTEMPATH\Config\BaseService.php(321): CodeIgniter\Config\Services::responsecache()
12 SYSTEMPATH\CodeIgniter.php(178): CodeIgniter\Config\BaseService::__callStatic('responsecache', [])
13 SYSTEMPATH\Config\Services.php(164): CodeIgniter\CodeIgniter->__construct(Object(Config\App))
14 SYSTEMPATH\Config\BaseService.php(312): CodeIgniter\Config\Services::codeigniter(Object(Config\App), false)
15 SYSTEMPATH\Config\BaseService.php(251): CodeIgniter\Config\BaseService::__callStatic('codeigniter', [...])
16 SYSTEMPATH\Config\Services.php(159): CodeIgniter\Config\BaseService::getSharedInstance('codeigniter', null)
17 SYSTEMPATH\Config\BaseService.php(321): CodeIgniter\Config\Services::codeigniter()
18 SYSTEMPATH\Config\BaseService.php(202): CodeIgniter\Config\BaseService::__callStatic('codeigniter', [])
19 SYSTEMPATH\Common.php(1000): CodeIgniter\Config\BaseService::get('codeigniter')
20 SYSTEMPATH\Boot.php(320): service('codeigniter')
21 SYSTEMPATH\Boot.php(66): CodeIgniter\Boot::initializeCodeIgniter()
22 FCPATH\index.php(59): CodeIgniter\Boot::bootWeb(Object(Config\Paths))
ERROR - 2025-06-18 12:56:50 --> Error connecting to the database: ErrorException: mysqli::real_connect(): Error while reading greeting packet. PID=25544 in C:\xampp\htdocs\inventory\MarkoMarkoProjekt\system\Database\MySQLi\Connection.php:201
Stack trace:
#0 [internal function]: CodeIgniter\Debug\Exceptions->errorHandler(2, 'mysqli::real_co...', 'C:\\xampp\\htdocs...', 201)
#1 C:\xampp\htdocs\inventory\MarkoMarkoProjekt\system\Database\MySQLi\Connection.php(201): mysqli->real_connect('localhost', 'root', Object(SensitiveParameterValue), 'inventory_syste...', 3306, '', 0)
#2 C:\xampp\htdocs\inventory\MarkoMarkoProjekt\system\Database\BaseConnection.php(421): CodeIgniter\Database\MySQLi\Connection->connect(false)
#3 C:\xampp\htdocs\inventory\MarkoMarkoProjekt\system\Database\BaseConnection.php(620): CodeIgniter\Database\BaseConnection->initialize()
#4 C:\xampp\htdocs\inventory\MarkoMarkoProjekt\app\Controllers\MitarbeiterDashboard.php(195): CodeIgniter\Database\BaseConnection->query('SELECT COUNT(*)...')
#5 C:\xampp\htdocs\inventory\MarkoMarkoProjekt\app\Controllers\MitarbeiterDashboard.php(108): App\Controllers\MitarbeiterDashboard->getDashboardStats()
#6 C:\xampp\htdocs\inventory\MarkoMarkoProjekt\system\CodeIgniter.php(933): App\Controllers\MitarbeiterDashboard->index()
#7 C:\xampp\htdocs\inventory\MarkoMarkoProjekt\system\CodeIgniter.php(507): CodeIgniter\CodeIgniter->runController(Object(App\Controllers\MitarbeiterDashboard))
#8 C:\xampp\htdocs\inventory\MarkoMarkoProjekt\system\CodeIgniter.php(354): CodeIgniter\CodeIgniter->handleRequest(NULL, Object(Config\Cache), false)
#9 C:\xampp\htdocs\inventory\MarkoMarkoProjekt\system\Boot.php(334): CodeIgniter\CodeIgniter->run()
#10 C:\xampp\htdocs\inventory\MarkoMarkoProjekt\system\Boot.php(67): CodeIgniter\Boot::runCodeIgniter(Object(CodeIgniter\CodeIgniter))
#11 C:\xampp\htdocs\inventory\MarkoMarkoProjekt\public\index.php(59): CodeIgniter\Boot::bootWeb(Object(Config\Paths))
#12 {main}

Next mysqli_sql_exception: MySQL server has gone away in C:\xampp\htdocs\inventory\MarkoMarkoProjekt\system\Database\MySQLi\Connection.php:201
Stack trace:
#0 C:\xampp\htdocs\inventory\MarkoMarkoProjekt\system\Database\MySQLi\Connection.php(201): mysqli->real_connect('localhost', 'root', Object(SensitiveParameterValue), 'inventory_syste...', 3306, '', 0)
#1 C:\xampp\htdocs\inventory\MarkoMarkoProjekt\system\Database\BaseConnection.php(421): CodeIgniter\Database\MySQLi\Connection->connect(false)
#2 C:\xampp\htdocs\inventory\MarkoMarkoProjekt\system\Database\BaseConnection.php(620): CodeIgniter\Database\BaseConnection->initialize()
#3 C:\xampp\htdocs\inventory\MarkoMarkoProjekt\app\Controllers\MitarbeiterDashboard.php(195): CodeIgniter\Database\BaseConnection->query('SELECT COUNT(*)...')
#4 C:\xampp\htdocs\inventory\MarkoMarkoProjekt\app\Controllers\MitarbeiterDashboard.php(108): App\Controllers\MitarbeiterDashboard->getDashboardStats()
#5 C:\xampp\htdocs\inventory\MarkoMarkoProjekt\system\CodeIgniter.php(933): App\Controllers\MitarbeiterDashboard->index()
#6 C:\xampp\htdocs\inventory\MarkoMarkoProjekt\system\CodeIgniter.php(507): CodeIgniter\CodeIgniter->runController(Object(App\Controllers\MitarbeiterDashboard))
#7 C:\xampp\htdocs\inventory\MarkoMarkoProjekt\system\CodeIgniter.php(354): CodeIgniter\CodeIgniter->handleRequest(NULL, Object(Config\Cache), false)
#8 C:\xampp\htdocs\inventory\MarkoMarkoProjekt\system\Boot.php(334): CodeIgniter\CodeIgniter->run()
#9 C:\xampp\htdocs\inventory\MarkoMarkoProjekt\system\Boot.php(67): CodeIgniter\Boot::runCodeIgniter(Object(CodeIgniter\CodeIgniter))
#10 C:\xampp\htdocs\inventory\MarkoMarkoProjekt\public\index.php(59): CodeIgniter\Boot::bootWeb(Object(Config\Paths))
#11 {main}

Next CodeIgniter\Database\Exceptions\DatabaseException: MySQL server has gone away in C:\xampp\htdocs\inventory\MarkoMarkoProjekt\system\Database\MySQLi\Connection.php:246
Stack trace:
#0 C:\xampp\htdocs\inventory\MarkoMarkoProjekt\system\Database\BaseConnection.php(421): CodeIgniter\Database\MySQLi\Connection->connect(false)
#1 C:\xampp\htdocs\inventory\MarkoMarkoProjekt\system\Database\BaseConnection.php(620): CodeIgniter\Database\BaseConnection->initialize()
#2 C:\xampp\htdocs\inventory\MarkoMarkoProjekt\app\Controllers\MitarbeiterDashboard.php(195): CodeIgniter\Database\BaseConnection->query('SELECT COUNT(*)...')
#3 C:\xampp\htdocs\inventory\MarkoMarkoProjekt\app\Controllers\MitarbeiterDashboard.php(108): App\Controllers\MitarbeiterDashboard->getDashboardStats()
#4 C:\xampp\htdocs\inventory\MarkoMarkoProjekt\system\CodeIgniter.php(933): App\Controllers\MitarbeiterDashboard->index()
#5 C:\xampp\htdocs\inventory\MarkoMarkoProjekt\system\CodeIgniter.php(507): CodeIgniter\CodeIgniter->runController(Object(App\Controllers\MitarbeiterDashboard))
#6 C:\xampp\htdocs\inventory\MarkoMarkoProjekt\system\CodeIgniter.php(354): CodeIgniter\CodeIgniter->handleRequest(NULL, Object(Config\Cache), false)
#7 C:\xampp\htdocs\inventory\MarkoMarkoProjekt\system\Boot.php(334): CodeIgniter\CodeIgniter->run()
#8 C:\xampp\htdocs\inventory\MarkoMarkoProjekt\system\Boot.php(67): CodeIgniter\Boot::runCodeIgniter(Object(CodeIgniter\CodeIgniter))
#9 C:\xampp\htdocs\inventory\MarkoMarkoProjekt\public\index.php(59): CodeIgniter\Boot::bootWeb(Object(Config\Paths))
#10 {main}
ERROR - 2025-06-18 13:42:40 --> mysqli_sql_exception: Unknown column 'Transaktions-Nr' in 'field list' in C:\xampp\htdocs\inventory\MarkoMarkoProjekt\system\Database\MySQLi\Connection.php:327
Stack trace:
#0 C:\xampp\htdocs\inventory\MarkoMarkoProjekt\system\Database\MySQLi\Connection.php(327): mysqli->query('INSERT INTO `vk...', 0)
#1 C:\xampp\htdocs\inventory\MarkoMarkoProjekt\system\Database\BaseConnection.php(738): CodeIgniter\Database\MySQLi\Connection->execute('INSERT INTO `vk...')
#2 C:\xampp\htdocs\inventory\MarkoMarkoProjekt\system\Database\BaseConnection.php(652): CodeIgniter\Database\BaseConnection->simpleQuery('INSERT INTO `vk...')
#3 C:\xampp\htdocs\inventory\MarkoMarkoProjekt\app\Controllers\Cart.php(116): CodeIgniter\Database\BaseConnection->query('INSERT INTO `vk...', Array)
#4 C:\xampp\htdocs\inventory\MarkoMarkoProjekt\system\CodeIgniter.php(933): App\Controllers\Cart->checkout()
#5 C:\xampp\htdocs\inventory\MarkoMarkoProjekt\system\CodeIgniter.php(507): CodeIgniter\CodeIgniter->runController(Object(App\Controllers\Cart))
#6 C:\xampp\htdocs\inventory\MarkoMarkoProjekt\system\CodeIgniter.php(354): CodeIgniter\CodeIgniter->handleRequest(NULL, Object(Config\Cache), false)
#7 C:\xampp\htdocs\inventory\MarkoMarkoProjekt\system\Boot.php(334): CodeIgniter\CodeIgniter->run()
#8 C:\xampp\htdocs\inventory\MarkoMarkoProjekt\system\Boot.php(67): CodeIgniter\Boot::runCodeIgniter(Object(CodeIgniter\CodeIgniter))
#9 C:\xampp\htdocs\inventory\MarkoMarkoProjekt\public\index.php(59): CodeIgniter\Boot::bootWeb(Object(Config\Paths))
#10 {main}
ERROR - 2025-06-18 13:42:44 --> mysqli_sql_exception: Unknown column 'Transaktions-Nr' in 'field list' in C:\xampp\htdocs\inventory\MarkoMarkoProjekt\system\Database\MySQLi\Connection.php:327
Stack trace:
#0 C:\xampp\htdocs\inventory\MarkoMarkoProjekt\system\Database\MySQLi\Connection.php(327): mysqli->query('INSERT INTO `vk...', 0)
#1 C:\xampp\htdocs\inventory\MarkoMarkoProjekt\system\Database\BaseConnection.php(738): CodeIgniter\Database\MySQLi\Connection->execute('INSERT INTO `vk...')
#2 C:\xampp\htdocs\inventory\MarkoMarkoProjekt\system\Database\BaseConnection.php(652): CodeIgniter\Database\BaseConnection->simpleQuery('INSERT INTO `vk...')
#3 C:\xampp\htdocs\inventory\MarkoMarkoProjekt\app\Controllers\Cart.php(116): CodeIgniter\Database\BaseConnection->query('INSERT INTO `vk...', Array)
#4 C:\xampp\htdocs\inventory\MarkoMarkoProjekt\system\CodeIgniter.php(933): App\Controllers\Cart->checkout()
#5 C:\xampp\htdocs\inventory\MarkoMarkoProjekt\system\CodeIgniter.php(507): CodeIgniter\CodeIgniter->runController(Object(App\Controllers\Cart))
#6 C:\xampp\htdocs\inventory\MarkoMarkoProjekt\system\CodeIgniter.php(354): CodeIgniter\CodeIgniter->handleRequest(NULL, Object(Config\Cache), false)
#7 C:\xampp\htdocs\inventory\MarkoMarkoProjekt\system\Boot.php(334): CodeIgniter\CodeIgniter->run()
#8 C:\xampp\htdocs\inventory\MarkoMarkoProjekt\system\Boot.php(67): CodeIgniter\Boot::runCodeIgniter(Object(CodeIgniter\CodeIgniter))
#9 C:\xampp\htdocs\inventory\MarkoMarkoProjekt\public\index.php(59): CodeIgniter\Boot::bootWeb(Object(Config\Paths))
#10 {main}
